<?xml version="1.0" encoding="UTF-8"?>
<!-- Generated by org.testng.reporters.JUnitReportReporter -->
<testsuite hostname="DESKTOP-9R3DQEO" failures="0" tests="1" name="demo22.demo_new.Text" time="3.614" errors="0" timestamp="2022-03-15T18:02:12 GST" skipped="0">
  <testcase classname="demo22.demo_new.Text" name="Frame" time="3.614"/>
  <system-out/>
</testsuite> <!-- demo22.demo_new.Text -->
