<?xml version="1.0" encoding="UTF-8"?>
<!-- Generated by org.testng.reporters.JUnitReportReporter -->
<testsuite hostname="DESKTOP-9R3DQEO" failures="0" tests="2" name="demo22.demo_new.FrameAndNestedFrameDemo" time="22.317" errors="0" timestamp="2022-03-15T19:12:45 GST" skipped="0">
  <testcase classname="demo22.demo_new.FrameAndNestedFrameDemo" name="NestedFrame" time="8.921"/>
  <system-out>
    <![CDATA[Parent Frame switched Successfully..
childFrame switched Successfully..]]>
  </system-out>
  <testcase classname="demo22.demo_new.FrameAndNestedFrameDemo" name="Frame" time="13.396"/>
  <system-out>
    <![CDATA[frame1 switched Successfully..
frame2 switched Successfully..]]>
  </system-out>
</testsuite> <!-- demo22.demo_new.FrameAndNestedFrameDemo -->
