<?xml version="1.0" encoding="UTF-8"?>
<!-- Generated by org.testng.reporters.JUnitReportReporter -->
<testsuite hostname="DESKTOP-9R3DQEO" failures="0" tests="1" name="demo22.demo_new.Text" time="4.566" errors="0" timestamp="2022-03-15T19:12:45 GST" skipped="0">
  <testcase classname="demo22.demo_new.Text" name="Frame" time="4.566"/>
  <system-out/>
</testsuite> <!-- demo22.demo_new.Text -->
